     1                                  bits 32
     2                                  global start
     3                                  extern concat
     4                                  
     5                                  extern printf
     6                                  import printf msvcrt.dll
     7                                  
     8                                  extern exit
     9                                  import exit msvcrt.dll
    10                                  
    11                                  segment data use32 class = data public
    12                                      
    13 00000000 416E6100                    s1 db "Ana",0
    14                                      len_s1 equ $ - s1
    15                                      
    16 00000004 20617265206D657265-         s2 db " are mere",0
    16 0000000D 00                 
    17                                      len_s2 equ $ - s2
    18                                      
    19 0000000E <res 0000000E>              result resb len_s1 + len_s2
    20 0000001C 257300                      format db '%s',0
    21                                      
    22                                  segment code use32 class = code public
    23                                  start:
    24 00000000 68[00000000]                push dword s1
    25                                      
    26 00000005 6A04                        push dword len_s1
    27                                      
    28 00000007 68[04000000]                push dword s2
    29                                      
    30 0000000C 6A0A                        push dword len_s2
    31                                      
    32 0000000E 68[0E000000]                push dword result
    33                                      
    34 00000013 E8(00000000)                call concat
    35                                      
    36 00000018 58                          pop dword EAX
    37                                      
    38 00000019 83C410                      add ESP, 4 * 4
    39                                      
    40 0000001C 50                          push dword EAX
    41 0000001D 68[1C000000]                push dword format
    42 00000022 FF15[00000000]              call [printf]
    43 00000028 83C408                      add esp, 4 * 2
    44                                      
    45 0000002B 6A00                        push dword 0
    46 0000002D FF15[00000000]              call [exit]
    47                                      
